<?xml version="1.0" encoding="UTF-8"?>
<!-- Generated by org.testng.reporters.JUnitXMLReporter -->
<testsuite hostname="evs01cpb424" name="Sample Test" tests="2" failures="1" timestamp="26 May 2017 07:19:06 GMT" time="27.644" errors="0">
  <testcase name="loginteam" time="3.23" classname="actionpackage.actionclass"/>
  <testcase name="newreq" time="24.405" classname="actionpackage.actionclass">
    <failure type="org.openqa.selenium.ElementNotInteractableException" message="
Build info: version: &amp;apos;3.4.0&amp;apos;, revision: &amp;apos;unknown&amp;apos;, time: &amp;apos;unknown&amp;apos;
System info: host: &amp;apos;EVS01CPB424&amp;apos;, ip: &amp;apos;172.16.30.21&amp;apos;, os.name: &amp;apos;Windows 7&amp;apos;, os.arch: &amp;apos;amd64&amp;apos;, os.version: &amp;apos;6.1&amp;apos;, java.version: &amp;apos;1.8.0_121&amp;apos;
Driver info: org.openqa.selenium.firefox.FirefoxDriver
Capabilities [{moz:profile=C:\Users\CHAMAN~1.PRE\AppData\Local\Temp\rust_mozprofile.i0iW2TAIJs3a, rotatable=false, timeouts={implicit=0.0, pageLoad=300000.0, script=30000.0}, pageLoadStrategy=normal, platform=ANY, specificationLevel=0.0, moz:accessibilityChecks=false, acceptInsecureCerts=false, browserVersion=53.0.3, platformVersion=6.1, moz:processID=10464.0, browserName=firefox, javascriptEnabled=true, platformName=windows_nt}]
Session ID: ac901ba9-e150-47e6-b606-eb381a257e46">
      <![CDATA[org.openqa.selenium.ElementNotInteractableException: 
Build info: version: '3.4.0', revision: 'unknown', time: 'unknown'
System info: host: 'EVS01CPB424', ip: '172.16.30.21', os.name: 'Windows 7', os.arch: 'amd64', os.version: '6.1', java.version: '1.8.0_121'
Driver info: org.openqa.selenium.firefox.FirefoxDriver
Capabilities [{moz:profile=C:\Users\CHAMAN~1.PRE\AppData\Local\Temp\rust_mozprofile.i0iW2TAIJs3a, rotatable=false, timeouts={implicit=0.0, pageLoad=300000.0, script=30000.0}, pageLoadStrategy=normal, platform=ANY, specificationLevel=0.0, moz:accessibilityChecks=false, acceptInsecureCerts=false, browserVersion=53.0.3, platformVersion=6.1, moz:processID=10464.0, browserName=firefox, javascriptEnabled=true, platformName=windows_nt}]
Session ID: ac901ba9-e150-47e6-b606-eb381a257e46
	at org.openqa.selenium.remote.http.W3CHttpResponseCodec.createException(W3CHttpResponseCodec.java:150)
	at org.openqa.selenium.remote.http.W3CHttpResponseCodec.decode(W3CHttpResponseCodec.java:115)
	at org.openqa.selenium.remote.http.W3CHttpResponseCodec.decode(W3CHttpResponseCodec.java:45)
	at org.openqa.selenium.remote.HttpCommandExecutor.execute(HttpCommandExecutor.java:164)
	at org.openqa.selenium.remote.service.DriverCommandExecutor.execute(DriverCommandExecutor.java:82)
	at org.openqa.selenium.remote.RemoteWebDriver.execute(RemoteWebDriver.java:637)
	at org.openqa.selenium.remote.RemoteWebElement.execute(RemoteWebElement.java:272)
	at org.openqa.selenium.remote.RemoteWebElement.click(RemoteWebElement.java:82)
	at rmspackage.New_Request.selectbanker(New_Request.java:165)
	at rmspackage.New_Request.submit_req(New_Request.java:331)
	at rmspackage.New_Request.raise_Req(New_Request.java:411)
	at actionpackage.actionclass.newreq(actionclass.java:94)
... Removed 29 stack frames]]>
    </failure>
  </testcase> <!-- newreq -->
</testsuite> <!-- Sample Test -->
